빌드 시작: 2015-12-16 오전 8:24:45
     1>2 노드의 "D:\프로그래밍\C\프로젝트\Sea Battle\Sea Battle\Sea Battle.vcxproj" 프로젝트(Build 대상)입니다.
     1>ClCompile:
         C:\Program Files (x86)\Microsoft Visual Studio 12.0\VC\bin\CL.exe /c /ZI /nologo /W3 /WX- /sdl /Od /Oy- /D WIN32 /D _DEBUG /D _CONSOLE /D _LIB /D _UNICODE /D UNICODE /Gm /EHsc /RTC1 /MT /GS /fp:precise /Zc:wchar_t /Zc:forScope /Fo"Debug\\" /Fd"Debug\vc120.pdb" /Gd /TC /analyze- /errorReport:prompt START_INTERFACE.c
         START_INTERFACE.c
     1>d:\프로그래밍\c\프로젝트\sea battle\sea battle\start_interface.c(19): warning C4013: 'gotoxy'이(가) 정의되지 않았습니다. extern은 int형을 반환하는 것으로 간주합니다.
     1>d:\프로그래밍\c\프로젝트\sea battle\sea battle\start_interface.c(57): warning C4047: '=' : 'int (*)[10]'의 간접 참조 수준이 'int (*)[10][10]'과(와) 다릅니다.
     1>d:\프로그래밍\c\프로젝트\sea battle\sea battle\start_interface.c(144): warning C4013: 'getch'이(가) 정의되지 않았습니다. extern은 int형을 반환하는 것으로 간주합니다.
       Link:
         C:\Program Files (x86)\Microsoft Visual Studio 12.0\VC\bin\link.exe /ERRORREPORT:PROMPT /OUT:"D:\프로그래밍\C\프로젝트\Sea Battle\Debug\Sea Battle.exe" /INCREMENTAL /NOLOGO kernel32.lib user32.lib gdi32.lib winspool.lib comdlg32.lib advapi32.lib shell32.lib ole32.lib oleaut32.lib uuid.lib odbc32.lib odbccp32.lib /MANIFEST /MANIFESTUAC:"level='asInvoker' uiAccess='false'" /manifest:embed /DEBUG /PDB:"D:\프로그래밍\C\프로젝트\Sea Battle\Debug\Sea Battle.pdb" /SUBSYSTEM:CONSOLE /TLBID:1 /DYNAMICBASE /NXCOMPAT /IMPLIB:"D:\프로그래밍\C\프로젝트\Sea Battle\Debug\Sea Battle.lib" /MACHINE:X86 Debug\COMMON_VARIABLE.obj
         Debug\ITEM.obj
         Debug\MAKE_SHIP.obj
         Debug\PLAYER_ACT.obj
         Debug\MAIN.obj
         Debug\SAVE_LOAD.obj
         Debug\START_INTERFACE.obj
         Sea Battle.vcxproj -> D:\프로그래밍\C\프로젝트\Sea Battle\Debug\Sea Battle.exe
     1>"D:\프로그래밍\C\프로젝트\Sea Battle\Sea Battle\Sea Battle.vcxproj" 프로젝트를 빌드했습니다(Build 대상).

빌드했습니다.

경과 시간: 00:00:06.47
